<?xml version="1.0" encoding="UTF-8" ?>
<testsuite tests="2" failures="1" name="patientPopTests.ComparePracticeTest" time="37.116" errors="0" skipped="0">
  <properties>
[...]
</properties>
  <testcase classname="patientPopTests.ComparePracticeTest" name="formEntryTest" time="19.039"/>
  <testcase classname="patientPopTests.ComparePracticeTest" name="formEntryTest" time="18.077">
    <failure message="expected [55] but found [60]" type="java.lang.AssertionError">java.lang.AssertionError: expected [55] but found [60]
	at org.testng.Assert.fail(Assert.java:99)
	at org.testng.Assert.failNotEquals(Assert.java:1037)
	at org.testng.Assert.assertEqualsImpl(Assert.java:140)
	at org.testng.Assert.assertEquals(Assert.java:122)
	at org.testng.Assert.assertEquals(Assert.java:907)
	at org.testng.Assert.assertEquals(Assert.java:917)
	at patientPopTests.ComparePracticeTest.formEntryTest(ComparePracticeTest.java:70)
</failure>
    <system-err>1612895750465	Marionette	INFO	Stopped listening on port 59909

###!!! [Parent][RunMessage] Error: Channel closing: too late to send/recv, messages will be lost

1612895751176	geckodriver	INFO	Listening on 127.0.0.1:43875
1612895751191	mozrunner::runner	INFO	Running command: &quot;/Applications/Firefox.app/Contents/MacOS/firefox-bin&quot; &quot;--marionette&quot; &quot;-foreground&quot; &quot;-no-remote&quot; &quot;-profile&quot; &quot;/var/folders/91/439twy5d7y9fxn_6jt3qkxg00000gn/T/rust_mozprofilecY1Brj&quot;
console.warn: SearchSettings: &quot;get: No settings file exists, new profile?&quot; (new Error(&quot;&quot;, &quot;(unknown module)&quot;))
console.warn: SearchSettings: &quot;get: No settings file exists, new profile?&quot; (new Error(&quot;&quot;, &quot;(unknown module)&quot;))
1612895753612	Marionette	INFO	Listening on port 60263
1612895753687	Marionette	WARN	TLS certificate errors will be ignored for this session
1612895753699	Marionette	ERROR	[19] No reply from Marionette:Register
Feb 09, 2021 10:35:53 AM org.openqa.selenium.remote.ProtocolHandshake createSession
INFO: Detected dialect: W3C
</system-err>
  </testcase>
</testsuite>